0 info it worked if it ends with ok
1 verbose cli [ '/usr/local/bin/node',
1 verbose cli   '/usr/local/bin/npm',
1 verbose cli   'install',
1 verbose cli   'gulp.js' ]
2 info using npm@2.15.9
3 info using node@v4.6.0
4 verbose install initial load of /Users/zhaoce/Desktop/BJH160506-33/php/package.json
5 warn package.json php@1.0.0 No repository field.
6 warn package.json php@1.0.0 No README data
7 verbose installManyTop reading scoped package data from /Users/zhaoce/Desktop/BJH160506-33/php/node_modules/gulp/package.json
8 verbose installManyTop reading scoped package data from /Users/zhaoce/Desktop/BJH160506-33/php/node_modules/gulp-cache/package.json
9 verbose installManyTop reading scoped package data from /Users/zhaoce/Desktop/BJH160506-33/php/node_modules/gulp-clean-css/package.json
10 verbose installManyTop reading scoped package data from /Users/zhaoce/Desktop/BJH160506-33/php/node_modules/gulp-concat/package.json
11 verbose installManyTop reading scoped package data from /Users/zhaoce/Desktop/BJH160506-33/php/node_modules/gulp-imagemin/package.json
12 verbose installManyTop reading scoped package data from /Users/zhaoce/Desktop/BJH160506-33/php/node_modules/gulp-rename/package.json
13 verbose installManyTop reading scoped package data from /Users/zhaoce/Desktop/BJH160506-33/php/node_modules/gulp-uglify/package.json
14 info package.json gulp-rename@1.2.2 No license field.
15 verbose readDependencies loading dependencies from /Users/zhaoce/Desktop/BJH160506-33/php/package.json
16 silly cache add args [ 'gulp.js', null ]
17 verbose cache add spec gulp.js
18 silly cache add parsed spec Result {
18 silly cache add   raw: 'gulp.js',
18 silly cache add   scope: null,
18 silly cache add   name: 'gulp.js',
18 silly cache add   rawSpec: '',
18 silly cache add   spec: 'latest',
18 silly cache add   type: 'tag' }
19 silly addNamed gulp.js@latest
20 verbose addNamed "latest" is being treated as a dist-tag for gulp.js
21 info addNameTag [ 'gulp.js', 'latest' ]
22 silly mapToRegistry name gulp.js
23 silly mapToRegistry using default registry
24 silly mapToRegistry registry https://registry.npmjs.org/
25 silly mapToRegistry data Result {
25 silly mapToRegistry   raw: 'gulp.js',
25 silly mapToRegistry   scope: null,
25 silly mapToRegistry   name: 'gulp.js',
25 silly mapToRegistry   rawSpec: '',
25 silly mapToRegistry   spec: 'latest',
25 silly mapToRegistry   type: 'tag' }
26 silly mapToRegistry uri https://registry.npmjs.org/gulp.js
27 verbose addNameTag registry:https://registry.npmjs.org/gulp.js not in flight; fetching
28 verbose request uri https://registry.npmjs.org/gulp.js
29 verbose request no auth needed
30 info attempt registry request try #1 at 19:05:35
31 verbose request id ff27922a2997651e
32 http request GET https://registry.npmjs.org/gulp.js
33 http 404 https://registry.npmjs.org/gulp.js
34 verbose headers { 'content-type': 'application/json',
34 verbose headers   'cache-control': 'max-age=0',
34 verbose headers   'content-length': '2',
34 verbose headers   'accept-ranges': 'bytes',
34 verbose headers   date: 'Fri, 21 Oct 2016 11:05:37 GMT',
34 verbose headers   via: '1.1 varnish',
34 verbose headers   age: '0',
34 verbose headers   connection: 'keep-alive',
34 verbose headers   'x-served-by': 'cache-lcy1127-LCY',
34 verbose headers   'x-cache': 'MISS',
34 verbose headers   'x-cache-hits': '0',
34 verbose headers   'x-timer': 'S1477047937.634603,VS0,VE93',
34 verbose headers   vary: 'Accept-Encoding' }
35 silly get cb [ 404,
35 silly get   { 'content-type': 'application/json',
35 silly get     'cache-control': 'max-age=0',
35 silly get     'content-length': '2',
35 silly get     'accept-ranges': 'bytes',
35 silly get     date: 'Fri, 21 Oct 2016 11:05:37 GMT',
35 silly get     via: '1.1 varnish',
35 silly get     age: '0',
35 silly get     connection: 'keep-alive',
35 silly get     'x-served-by': 'cache-lcy1127-LCY',
35 silly get     'x-cache': 'MISS',
35 silly get     'x-cache-hits': '0',
35 silly get     'x-timer': 'S1477047937.634603,VS0,VE93',
35 silly get     vary: 'Accept-Encoding' } ]
36 verbose stack Error: Registry returned 404 for GET on https://registry.npmjs.org/gulp.js
36 verbose stack     at makeError (/usr/local/lib/node_modules/npm/node_modules/npm-registry-client/lib/request.js:264:12)
36 verbose stack     at CachingRegistryClient.<anonymous> (/usr/local/lib/node_modules/npm/node_modules/npm-registry-client/lib/request.js:242:14)
36 verbose stack     at Request._callback (/usr/local/lib/node_modules/npm/node_modules/npm-registry-client/lib/request.js:172:14)
36 verbose stack     at Request.self.callback (/usr/local/lib/node_modules/npm/node_modules/request/request.js:200:22)
36 verbose stack     at emitTwo (events.js:87:13)
36 verbose stack     at Request.emit (events.js:172:7)
36 verbose stack     at Request.<anonymous> (/usr/local/lib/node_modules/npm/node_modules/request/request.js:1067:10)
36 verbose stack     at emitOne (events.js:82:20)
36 verbose stack     at Request.emit (events.js:169:7)
36 verbose stack     at IncomingMessage.<anonymous> (/usr/local/lib/node_modules/npm/node_modules/request/request.js:988:12)
37 verbose statusCode 404
38 verbose pkgid gulp.js
39 verbose cwd /Users/zhaoce/Desktop/BJH160506-33/php/resume
40 error Darwin 16.0.0
41 error argv "/usr/local/bin/node" "/usr/local/bin/npm" "install" "gulp.js"
42 error node v4.6.0
43 error npm  v2.15.9
44 error code E404
45 error 404 Registry returned 404 for GET on https://registry.npmjs.org/gulp.js
45 error 404
45 error 404 'gulp.js' is not in the npm registry.
45 error 404 You should bug the author to publish it (or use the name yourself!)
45 error 404 It was specified as a dependency of 'php'
45 error 404
45 error 404 Note that you can also install from a
45 error 404 tarball, folder, http url, or git url.
46 verbose exit [ 1, true ]
